[2022-11-22 11:09:47.314] [INFO ] [restartedMain] com.plannet.plannet.PlannetApplication Starting PlannetApplication using Java 11.0.15 on DESKTOP-ISH0MNM with PID 3008 (D:\Spring\plannet\target\classes started by user1 in D:\Spring\plannet)
[2022-11-22 11:09:47.314] [INFO ] [restartedMain] com.plannet.plannet.PlannetApplication No active profile set, falling back to 1 default profile: "default"
[2022-11-22 11:09:47.414] [INFO ] [restartedMain] org.springframework.boot.devtools.restart.ChangeableUrls The Class-Path manifest attribute in C:\Users\user1\.m2\repository\com\oracle\database\jdbc\ojdbc8\21.5.0.0\ojdbc8-21.5.0.0.jar referenced one or more files that do not exist: file:/C:/Users/user1/.m2/repository/com/oracle/database/jdbc/ojdbc8/21.5.0.0/oraclepki.jar
[2022-11-22 11:09:47.414] [INFO ] [restartedMain] org.springframework.boot.devtools.env.DevToolsPropertyDefaultsPostProcessor Devtools property defaults active! Set 'spring.devtools.add-properties' to 'false' to disable
[2022-11-22 11:09:47.414] [INFO ] [restartedMain] org.springframework.boot.devtools.env.DevToolsPropertyDefaultsPostProcessor For additional web related logging consider setting the 'logging.level.web' property to 'DEBUG'
[2022-11-22 11:09:48.033] [INFO ] [restartedMain] org.springframework.data.repository.config.RepositoryConfigurationDelegate Bootstrapping Spring Data JPA repositories in DEFAULT mode.
[2022-11-22 11:09:48.043] [INFO ] [restartedMain] org.springframework.data.repository.config.RepositoryConfigurationDelegate Finished Spring Data repository scanning in 4 ms. Found 0 JPA repository interfaces.
[2022-11-22 11:09:48.779] [INFO ] [restartedMain] org.springframework.boot.web.embedded.tomcat.TomcatWebServer Tomcat initialized with port(s): 8111 (http)
[2022-11-22 11:09:48.795] [INFO ] [restartedMain] org.apache.coyote.http11.Http11NioProtocol Initializing ProtocolHandler ["http-nio-8111"]
[2022-11-22 11:09:48.795] [INFO ] [restartedMain] org.apache.catalina.core.StandardService Starting service [Tomcat]
[2022-11-22 11:09:48.795] [INFO ] [restartedMain] org.apache.catalina.core.StandardEngine Starting Servlet engine: [Apache Tomcat/9.0.68]
[2022-11-22 11:09:48.864] [INFO ] [restartedMain] org.apache.catalina.core.ContainerBase.[Tomcat].[localhost].[/] Initializing Spring embedded WebApplicationContext
[2022-11-22 11:09:48.864] [INFO ] [restartedMain] org.springframework.boot.web.servlet.context.ServletWebServerApplicationContext Root WebApplicationContext: initialization completed in 1450 ms
[2022-11-22 11:09:49.011] [INFO ] [restartedMain] org.hibernate.jpa.internal.util.LogHelper HHH000204: Processing PersistenceUnitInfo [name: default]
[2022-11-22 11:09:49.064] [INFO ] [restartedMain] org.hibernate.Version HHH000412: Hibernate ORM core version 5.6.12.Final
[2022-11-22 11:09:49.180] [INFO ] [restartedMain] org.hibernate.annotations.common.Version HCANN000001: Hibernate Commons Annotations {5.1.2.Final}
[2022-11-22 11:09:49.265] [INFO ] [restartedMain] com.zaxxer.hikari.HikariDataSource HikariPool-1 - Starting...
[2022-11-22 11:09:49.744] [INFO ] [restartedMain] com.zaxxer.hikari.HikariDataSource HikariPool-1 - Start completed.
[2022-11-22 11:09:49.766] [INFO ] [restartedMain] org.hibernate.dialect.Dialect HHH000400: Using dialect: org.hibernate.dialect.MySQL8Dialect
[2022-11-22 11:09:49.882] [ERROR] [restartedMain] org.springframework.orm.jpa.LocalContainerEntityManagerFactoryBean Failed to initialize JPA EntityManagerFactory: @Column(s) not allowed on a @ManyToOne property: com.plannet.plannet.entity.Board.id
[2022-11-22 11:09:49.882] [WARN ] [restartedMain] org.springframework.boot.web.servlet.context.AnnotationConfigServletWebServerApplicationContext Exception encountered during context initialization - cancelling refresh attempt: org.springframework.beans.factory.BeanCreationException: Error creating bean with name 'entityManagerFactory' defined in class path resource [org/springframework/boot/autoconfigure/orm/jpa/HibernateJpaConfiguration.class]: Invocation of init method failed; nested exception is org.hibernate.AnnotationException: @Column(s) not allowed on a @ManyToOne property: com.plannet.plannet.entity.Board.id
[2022-11-22 11:09:49.882] [INFO ] [restartedMain] com.zaxxer.hikari.HikariDataSource HikariPool-1 - Shutdown initiated...
[2022-11-22 11:09:49.897] [INFO ] [restartedMain] com.zaxxer.hikari.HikariDataSource HikariPool-1 - Shutdown completed.
[2022-11-22 11:09:49.897] [INFO ] [restartedMain] org.apache.catalina.core.StandardService Stopping service [Tomcat]
[2022-11-22 11:09:49.897] [INFO ] [restartedMain] org.springframework.boot.autoconfigure.logging.ConditionEvaluationReportLoggingListener 

Error starting ApplicationContext. To display the conditions report re-run your application with 'debug' enabled.
[2022-11-22 11:09:49.913] [ERROR] [restartedMain] org.springframework.boot.SpringApplication Application run failed
org.springframework.beans.factory.BeanCreationException: Error creating bean with name 'entityManagerFactory' defined in class path resource [org/springframework/boot/autoconfigure/orm/jpa/HibernateJpaConfiguration.class]: Invocation of init method failed; nested exception is org.hibernate.AnnotationException: @Column(s) not allowed on a @ManyToOne property: com.plannet.plannet.entity.Board.id
	at org.springframework.beans.factory.support.AbstractAutowireCapableBeanFactory.initializeBean(AbstractAutowireCapableBeanFactory.java:1804)
	at org.springframework.beans.factory.support.AbstractAutowireCapableBeanFactory.doCreateBean(AbstractAutowireCapableBeanFactory.java:620)
	at org.springframework.beans.factory.support.AbstractAutowireCapableBeanFactory.createBean(AbstractAutowireCapableBeanFactory.java:542)
	at org.springframework.beans.factory.support.AbstractBeanFactory.lambda$doGetBean$0(AbstractBeanFactory.java:335)
	at org.springframework.beans.factory.support.DefaultSingletonBeanRegistry.getSingleton(DefaultSingletonBeanRegistry.java:234)
	at org.springframework.beans.factory.support.AbstractBeanFactory.doGetBean(AbstractBeanFactory.java:333)
	at org.springframework.beans.factory.support.AbstractBeanFactory.getBean(AbstractBeanFactory.java:208)
	at org.springframework.context.support.AbstractApplicationContext.getBean(AbstractApplicationContext.java:1154)
	at org.springframework.context.support.AbstractApplicationContext.finishBeanFactoryInitialization(AbstractApplicationContext.java:908)
	at org.springframework.context.support.AbstractApplicationContext.refresh(AbstractApplicationContext.java:583)
	at org.springframework.boot.web.servlet.context.ServletWebServerApplicationContext.refresh(ServletWebServerApplicationContext.java:147)
	at org.springframework.boot.SpringApplication.refresh(SpringApplication.java:734)
	at org.springframework.boot.SpringApplication.refreshContext(SpringApplication.java:408)
	at org.springframework.boot.SpringApplication.run(SpringApplication.java:308)
	at org.springframework.boot.SpringApplication.run(SpringApplication.java:1306)
	at org.springframework.boot.SpringApplication.run(SpringApplication.java:1295)
	at com.plannet.plannet.PlannetApplication.main(PlannetApplication.java:12)
	at java.base/jdk.internal.reflect.NativeMethodAccessorImpl.invoke0(Native Method)
	at java.base/jdk.internal.reflect.NativeMethodAccessorImpl.invoke(NativeMethodAccessorImpl.java:62)
	at java.base/jdk.internal.reflect.DelegatingMethodAccessorImpl.invoke(DelegatingMethodAccessorImpl.java:43)
	at java.base/java.lang.reflect.Method.invoke(Method.java:566)
	at org.springframework.boot.devtools.restart.RestartLauncher.run(RestartLauncher.java:49)
Caused by: org.hibernate.AnnotationException: @Column(s) not allowed on a @ManyToOne property: com.plannet.plannet.entity.Board.id
	at org.hibernate.cfg.AnnotationBinder.processElementAnnotations(AnnotationBinder.java:1794)
	at org.hibernate.cfg.AnnotationBinder.processIdPropertiesIfNotAlready(AnnotationBinder.java:968)
	at org.hibernate.cfg.AnnotationBinder.bindClass(AnnotationBinder.java:793)
	at org.hibernate.boot.model.source.internal.annotations.AnnotationMetadataSourceProcessorImpl.processEntityHierarchies(AnnotationMetadataSourceProcessorImpl.java:225)
	at org.hibernate.boot.model.process.spi.MetadataBuildingProcess$1.processEntityHierarchies(MetadataBuildingProcess.java:239)
	at org.hibernate.boot.model.process.spi.MetadataBuildingProcess.complete(MetadataBuildingProcess.java:282)
	at org.hibernate.jpa.boot.internal.EntityManagerFactoryBuilderImpl.metadata(EntityManagerFactoryBuilderImpl.java:1460)
	at org.hibernate.jpa.boot.internal.EntityManagerFactoryBuilderImpl.build(EntityManagerFactoryBuilderImpl.java:1494)
	at org.springframework.orm.jpa.vendor.SpringHibernateJpaPersistenceProvider.createContainerEntityManagerFactory(SpringHibernateJpaPersistenceProvider.java:58)
	at org.springframework.orm.jpa.LocalContainerEntityManagerFactoryBean.createNativeEntityManagerFactory(LocalContainerEntityManagerFactoryBean.java:365)
	at org.springframework.orm.jpa.AbstractEntityManagerFactoryBean.buildNativeEntityManagerFactory(AbstractEntityManagerFactoryBean.java:409)
	at org.springframework.orm.jpa.AbstractEntityManagerFactoryBean.afterPropertiesSet(AbstractEntityManagerFactoryBean.java:396)
	at org.springframework.orm.jpa.LocalContainerEntityManagerFactoryBean.afterPropertiesSet(LocalContainerEntityManagerFactoryBean.java:341)
	at org.springframework.beans.factory.support.AbstractAutowireCapableBeanFactory.invokeInitMethods(AbstractAutowireCapableBeanFactory.java:1863)
	at org.springframework.beans.factory.support.AbstractAutowireCapableBeanFactory.initializeBean(AbstractAutowireCapableBeanFactory.java:1800)
	... 21 common frames omitted
[2022-11-22 11:58:48.535] [INFO ] [restartedMain] com.plannet.plannet.PlannetApplication Starting PlannetApplication using Java 11.0.15 on DESKTOP-ISH0MNM with PID 6472 (D:\Spring\plannet\target\classes started by user1 in D:\Spring\plannet)
[2022-11-22 11:58:48.535] [INFO ] [restartedMain] com.plannet.plannet.PlannetApplication No active profile set, falling back to 1 default profile: "default"
[2022-11-22 11:58:48.582] [INFO ] [restartedMain] org.springframework.boot.devtools.restart.ChangeableUrls The Class-Path manifest attribute in C:\Users\user1\.m2\repository\com\oracle\database\jdbc\ojdbc8\21.5.0.0\ojdbc8-21.5.0.0.jar referenced one or more files that do not exist: file:/C:/Users/user1/.m2/repository/com/oracle/database/jdbc/ojdbc8/21.5.0.0/oraclepki.jar
[2022-11-22 11:58:48.582] [INFO ] [restartedMain] org.springframework.boot.devtools.env.DevToolsPropertyDefaultsPostProcessor Devtools property defaults active! Set 'spring.devtools.add-properties' to 'false' to disable
[2022-11-22 11:58:48.582] [INFO ] [restartedMain] org.springframework.boot.devtools.env.DevToolsPropertyDefaultsPostProcessor For additional web related logging consider setting the 'logging.level.web' property to 'DEBUG'
[2022-11-22 11:58:49.083] [INFO ] [restartedMain] org.springframework.data.repository.config.RepositoryConfigurationDelegate Bootstrapping Spring Data JPA repositories in DEFAULT mode.
[2022-11-22 11:58:49.157] [INFO ] [restartedMain] org.springframework.data.repository.config.RepositoryConfigurationDelegate Finished Spring Data repository scanning in 60 ms. Found 6 JPA repository interfaces.
[2022-11-22 11:58:49.711] [INFO ] [restartedMain] org.springframework.boot.web.embedded.tomcat.TomcatWebServer Tomcat initialized with port(s): 8111 (http)
[2022-11-22 11:58:49.727] [INFO ] [restartedMain] org.apache.coyote.http11.Http11NioProtocol Initializing ProtocolHandler ["http-nio-8111"]
[2022-11-22 11:58:49.727] [INFO ] [restartedMain] org.apache.catalina.core.StandardService Starting service [Tomcat]
[2022-11-22 11:58:49.727] [INFO ] [restartedMain] org.apache.catalina.core.StandardEngine Starting Servlet engine: [Apache Tomcat/9.0.68]
[2022-11-22 11:58:49.796] [INFO ] [restartedMain] org.apache.catalina.core.ContainerBase.[Tomcat].[localhost].[/] Initializing Spring embedded WebApplicationContext
[2022-11-22 11:58:49.796] [INFO ] [restartedMain] org.springframework.boot.web.servlet.context.ServletWebServerApplicationContext Root WebApplicationContext: initialization completed in 1214 ms
[2022-11-22 11:58:49.950] [INFO ] [restartedMain] org.hibernate.jpa.internal.util.LogHelper HHH000204: Processing PersistenceUnitInfo [name: default]
[2022-11-22 11:58:49.981] [INFO ] [restartedMain] org.hibernate.Version HHH000412: Hibernate ORM core version 5.6.12.Final
[2022-11-22 11:58:50.112] [INFO ] [restartedMain] org.hibernate.annotations.common.Version HCANN000001: Hibernate Commons Annotations {5.1.2.Final}
[2022-11-22 11:58:50.197] [INFO ] [restartedMain] com.zaxxer.hikari.HikariDataSource HikariPool-1 - Starting...
[2022-11-22 11:58:50.513] [INFO ] [restartedMain] com.zaxxer.hikari.HikariDataSource HikariPool-1 - Start completed.
[2022-11-22 11:58:50.545] [INFO ] [restartedMain] org.hibernate.dialect.Dialect HHH000400: Using dialect: org.hibernate.dialect.MySQL8Dialect
[2022-11-22 11:58:50.667] [ERROR] [restartedMain] org.springframework.orm.jpa.LocalContainerEntityManagerFactoryBean Failed to initialize JPA EntityManagerFactory: @Column(s) not allowed on a @ManyToOne property: com.plannet.plannet.entity.Friend.id.friendId
[2022-11-22 11:58:50.667] [WARN ] [restartedMain] org.springframework.boot.web.servlet.context.AnnotationConfigServletWebServerApplicationContext Exception encountered during context initialization - cancelling refresh attempt: org.springframework.beans.factory.BeanCreationException: Error creating bean with name 'entityManagerFactory' defined in class path resource [org/springframework/boot/autoconfigure/orm/jpa/HibernateJpaConfiguration.class]: Invocation of init method failed; nested exception is org.hibernate.AnnotationException: @Column(s) not allowed on a @ManyToOne property: com.plannet.plannet.entity.Friend.id.friendId
[2022-11-22 11:58:50.667] [INFO ] [restartedMain] com.zaxxer.hikari.HikariDataSource HikariPool-1 - Shutdown initiated...
[2022-11-22 11:58:50.683] [INFO ] [restartedMain] com.zaxxer.hikari.HikariDataSource HikariPool-1 - Shutdown completed.
[2022-11-22 11:58:50.683] [INFO ] [restartedMain] org.apache.catalina.core.StandardService Stopping service [Tomcat]
[2022-11-22 11:58:50.698] [INFO ] [restartedMain] org.springframework.boot.autoconfigure.logging.ConditionEvaluationReportLoggingListener 

Error starting ApplicationContext. To display the conditions report re-run your application with 'debug' enabled.
[2022-11-22 11:58:50.714] [ERROR] [restartedMain] org.springframework.boot.SpringApplication Application run failed
org.springframework.beans.factory.BeanCreationException: Error creating bean with name 'entityManagerFactory' defined in class path resource [org/springframework/boot/autoconfigure/orm/jpa/HibernateJpaConfiguration.class]: Invocation of init method failed; nested exception is org.hibernate.AnnotationException: @Column(s) not allowed on a @ManyToOne property: com.plannet.plannet.entity.Friend.id.friendId
	at org.springframework.beans.factory.support.AbstractAutowireCapableBeanFactory.initializeBean(AbstractAutowireCapableBeanFactory.java:1804)
	at org.springframework.beans.factory.support.AbstractAutowireCapableBeanFactory.doCreateBean(AbstractAutowireCapableBeanFactory.java:620)
	at org.springframework.beans.factory.support.AbstractAutowireCapableBeanFactory.createBean(AbstractAutowireCapableBeanFactory.java:542)
	at org.springframework.beans.factory.support.AbstractBeanFactory.lambda$doGetBean$0(AbstractBeanFactory.java:335)
	at org.springframework.beans.factory.support.DefaultSingletonBeanRegistry.getSingleton(DefaultSingletonBeanRegistry.java:234)
	at org.springframework.beans.factory.support.AbstractBeanFactory.doGetBean(AbstractBeanFactory.java:333)
	at org.springframework.beans.factory.support.AbstractBeanFactory.getBean(AbstractBeanFactory.java:208)
	at org.springframework.context.support.AbstractApplicationContext.getBean(AbstractApplicationContext.java:1154)
	at org.springframework.context.support.AbstractApplicationContext.finishBeanFactoryInitialization(AbstractApplicationContext.java:908)
	at org.springframework.context.support.AbstractApplicationContext.refresh(AbstractApplicationContext.java:583)
	at org.springframework.boot.web.servlet.context.ServletWebServerApplicationContext.refresh(ServletWebServerApplicationContext.java:147)
	at org.springframework.boot.SpringApplication.refresh(SpringApplication.java:734)
	at org.springframework.boot.SpringApplication.refreshContext(SpringApplication.java:408)
	at org.springframework.boot.SpringApplication.run(SpringApplication.java:308)
	at org.springframework.boot.SpringApplication.run(SpringApplication.java:1306)
	at org.springframework.boot.SpringApplication.run(SpringApplication.java:1295)
	at com.plannet.plannet.PlannetApplication.main(PlannetApplication.java:12)
	at java.base/jdk.internal.reflect.NativeMethodAccessorImpl.invoke0(Native Method)
	at java.base/jdk.internal.reflect.NativeMethodAccessorImpl.invoke(NativeMethodAccessorImpl.java:62)
	at java.base/jdk.internal.reflect.DelegatingMethodAccessorImpl.invoke(DelegatingMethodAccessorImpl.java:43)
	at java.base/java.lang.reflect.Method.invoke(Method.java:566)
	at org.springframework.boot.devtools.restart.RestartLauncher.run(RestartLauncher.java:49)
Caused by: org.hibernate.AnnotationException: @Column(s) not allowed on a @ManyToOne property: com.plannet.plannet.entity.Friend.id.friendId
	at org.hibernate.cfg.AnnotationBinder.processElementAnnotations(AnnotationBinder.java:1794)
	at org.hibernate.cfg.AnnotationBinder.fillComponent(AnnotationBinder.java:2816)
	at org.hibernate.cfg.AnnotationBinder.bindIdClass(AnnotationBinder.java:2919)
	at org.hibernate.cfg.AnnotationBinder.mapAsIdClass(AnnotationBinder.java:1052)
	at org.hibernate.cfg.AnnotationBinder.bindClass(AnnotationBinder.java:778)
	at org.hibernate.boot.model.source.internal.annotations.AnnotationMetadataSourceProcessorImpl.processEntityHierarchies(AnnotationMetadataSourceProcessorImpl.java:225)
	at org.hibernate.boot.model.process.spi.MetadataBuildingProcess$1.processEntityHierarchies(MetadataBuildingProcess.java:239)
	at org.hibernate.boot.model.process.spi.MetadataBuildingProcess.complete(MetadataBuildingProcess.java:282)
	at org.hibernate.jpa.boot.internal.EntityManagerFactoryBuilderImpl.metadata(EntityManagerFactoryBuilderImpl.java:1460)
	at org.hibernate.jpa.boot.internal.EntityManagerFactoryBuilderImpl.build(EntityManagerFactoryBuilderImpl.java:1494)
	at org.springframework.orm.jpa.vendor.SpringHibernateJpaPersistenceProvider.createContainerEntityManagerFactory(SpringHibernateJpaPersistenceProvider.java:58)
	at org.springframework.orm.jpa.LocalContainerEntityManagerFactoryBean.createNativeEntityManagerFactory(LocalContainerEntityManagerFactoryBean.java:365)
	at org.springframework.orm.jpa.AbstractEntityManagerFactoryBean.buildNativeEntityManagerFactory(AbstractEntityManagerFactoryBean.java:409)
	at org.springframework.orm.jpa.AbstractEntityManagerFactoryBean.afterPropertiesSet(AbstractEntityManagerFactoryBean.java:396)
	at org.springframework.orm.jpa.LocalContainerEntityManagerFactoryBean.afterPropertiesSet(LocalContainerEntityManagerFactoryBean.java:341)
	at org.springframework.beans.factory.support.AbstractAutowireCapableBeanFactory.invokeInitMethods(AbstractAutowireCapableBeanFactory.java:1863)
	at org.springframework.beans.factory.support.AbstractAutowireCapableBeanFactory.initializeBean(AbstractAutowireCapableBeanFactory.java:1800)
	... 21 common frames omitted
[2022-11-22 11:59:43.143] [INFO ] [restartedMain] com.plannet.plannet.PlannetApplication Starting PlannetApplication using Java 11.0.15 on DESKTOP-ISH0MNM with PID 11328 (D:\Spring\plannet\target\classes started by user1 in D:\Spring\plannet)
[2022-11-22 11:59:43.143] [INFO ] [restartedMain] com.plannet.plannet.PlannetApplication No active profile set, falling back to 1 default profile: "default"
[2022-11-22 11:59:43.174] [INFO ] [restartedMain] org.springframework.boot.devtools.restart.ChangeableUrls The Class-Path manifest attribute in C:\Users\user1\.m2\repository\com\oracle\database\jdbc\ojdbc8\21.5.0.0\ojdbc8-21.5.0.0.jar referenced one or more files that do not exist: file:/C:/Users/user1/.m2/repository/com/oracle/database/jdbc/ojdbc8/21.5.0.0/oraclepki.jar
[2022-11-22 11:59:43.174] [INFO ] [restartedMain] org.springframework.boot.devtools.env.DevToolsPropertyDefaultsPostProcessor Devtools property defaults active! Set 'spring.devtools.add-properties' to 'false' to disable
[2022-11-22 11:59:43.174] [INFO ] [restartedMain] org.springframework.boot.devtools.env.DevToolsPropertyDefaultsPostProcessor For additional web related logging consider setting the 'logging.level.web' property to 'DEBUG'
[2022-11-22 11:59:43.660] [INFO ] [restartedMain] org.springframework.data.repository.config.RepositoryConfigurationDelegate Bootstrapping Spring Data JPA repositories in DEFAULT mode.
[2022-11-22 11:59:43.713] [INFO ] [restartedMain] org.springframework.data.repository.config.RepositoryConfigurationDelegate Finished Spring Data repository scanning in 47 ms. Found 6 JPA repository interfaces.
[2022-11-22 11:59:44.302] [INFO ] [restartedMain] org.springframework.boot.web.embedded.tomcat.TomcatWebServer Tomcat initialized with port(s): 8111 (http)
[2022-11-22 11:59:44.302] [INFO ] [restartedMain] org.apache.coyote.http11.Http11NioProtocol Initializing ProtocolHandler ["http-nio-8111"]
[2022-11-22 11:59:44.302] [INFO ] [restartedMain] org.apache.catalina.core.StandardService Starting service [Tomcat]
[2022-11-22 11:59:44.302] [INFO ] [restartedMain] org.apache.catalina.core.StandardEngine Starting Servlet engine: [Apache Tomcat/9.0.68]
[2022-11-22 11:59:44.371] [INFO ] [restartedMain] org.apache.catalina.core.ContainerBase.[Tomcat].[localhost].[/] Initializing Spring embedded WebApplicationContext
[2022-11-22 11:59:44.371] [INFO ] [restartedMain] org.springframework.boot.web.servlet.context.ServletWebServerApplicationContext Root WebApplicationContext: initialization completed in 1197 ms
[2022-11-22 11:59:44.534] [INFO ] [restartedMain] org.hibernate.jpa.internal.util.LogHelper HHH000204: Processing PersistenceUnitInfo [name: default]
[2022-11-22 11:59:44.571] [INFO ] [restartedMain] org.hibernate.Version HHH000412: Hibernate ORM core version 5.6.12.Final
[2022-11-22 11:59:44.703] [INFO ] [restartedMain] org.hibernate.annotations.common.Version HCANN000001: Hibernate Commons Annotations {5.1.2.Final}
[2022-11-22 11:59:44.772] [INFO ] [restartedMain] com.zaxxer.hikari.HikariDataSource HikariPool-1 - Starting...
[2022-11-22 11:59:45.088] [INFO ] [restartedMain] com.zaxxer.hikari.HikariDataSource HikariPool-1 - Start completed.
[2022-11-22 11:59:45.104] [INFO ] [restartedMain] org.hibernate.dialect.Dialect HHH000400: Using dialect: org.hibernate.dialect.MySQL8Dialect
[2022-11-22 11:59:45.225] [ERROR] [restartedMain] org.springframework.orm.jpa.LocalContainerEntityManagerFactoryBean Failed to initialize JPA EntityManagerFactory: @Column(s) not allowed on a @ManyToOne property: com.plannet.plannet.entity.Friend.id.friendId
[2022-11-22 11:59:45.225] [WARN ] [restartedMain] org.springframework.boot.web.servlet.context.AnnotationConfigServletWebServerApplicationContext Exception encountered during context initialization - cancelling refresh attempt: org.springframework.beans.factory.BeanCreationException: Error creating bean with name 'entityManagerFactory' defined in class path resource [org/springframework/boot/autoconfigure/orm/jpa/HibernateJpaConfiguration.class]: Invocation of init method failed; nested exception is org.hibernate.AnnotationException: @Column(s) not allowed on a @ManyToOne property: com.plannet.plannet.entity.Friend.id.friendId
[2022-11-22 11:59:45.225] [INFO ] [restartedMain] com.zaxxer.hikari.HikariDataSource HikariPool-1 - Shutdown initiated...
[2022-11-22 11:59:45.240] [INFO ] [restartedMain] com.zaxxer.hikari.HikariDataSource HikariPool-1 - Shutdown completed.
[2022-11-22 11:59:45.240] [INFO ] [restartedMain] org.apache.catalina.core.StandardService Stopping service [Tomcat]
[2022-11-22 11:59:45.256] [INFO ] [restartedMain] org.springframework.boot.autoconfigure.logging.ConditionEvaluationReportLoggingListener 

Error starting ApplicationContext. To display the conditions report re-run your application with 'debug' enabled.
[2022-11-22 11:59:45.271] [ERROR] [restartedMain] org.springframework.boot.SpringApplication Application run failed
org.springframework.beans.factory.BeanCreationException: Error creating bean with name 'entityManagerFactory' defined in class path resource [org/springframework/boot/autoconfigure/orm/jpa/HibernateJpaConfiguration.class]: Invocation of init method failed; nested exception is org.hibernate.AnnotationException: @Column(s) not allowed on a @ManyToOne property: com.plannet.plannet.entity.Friend.id.friendId
	at org.springframework.beans.factory.support.AbstractAutowireCapableBeanFactory.initializeBean(AbstractAutowireCapableBeanFactory.java:1804)
	at org.springframework.beans.factory.support.AbstractAutowireCapableBeanFactory.doCreateBean(AbstractAutowireCapableBeanFactory.java:620)
	at org.springframework.beans.factory.support.AbstractAutowireCapableBeanFactory.createBean(AbstractAutowireCapableBeanFactory.java:542)
	at org.springframework.beans.factory.support.AbstractBeanFactory.lambda$doGetBean$0(AbstractBeanFactory.java:335)
	at org.springframework.beans.factory.support.DefaultSingletonBeanRegistry.getSingleton(DefaultSingletonBeanRegistry.java:234)
	at org.springframework.beans.factory.support.AbstractBeanFactory.doGetBean(AbstractBeanFactory.java:333)
	at org.springframework.beans.factory.support.AbstractBeanFactory.getBean(AbstractBeanFactory.java:208)
	at org.springframework.context.support.AbstractApplicationContext.getBean(AbstractApplicationContext.java:1154)
	at org.springframework.context.support.AbstractApplicationContext.finishBeanFactoryInitialization(AbstractApplicationContext.java:908)
	at org.springframework.context.support.AbstractApplicationContext.refresh(AbstractApplicationContext.java:583)
	at org.springframework.boot.web.servlet.context.ServletWebServerApplicationContext.refresh(ServletWebServerApplicationContext.java:147)
	at org.springframework.boot.SpringApplication.refresh(SpringApplication.java:734)
	at org.springframework.boot.SpringApplication.refreshContext(SpringApplication.java:408)
	at org.springframework.boot.SpringApplication.run(SpringApplication.java:308)
	at org.springframework.boot.SpringApplication.run(SpringApplication.java:1306)
	at org.springframework.boot.SpringApplication.run(SpringApplication.java:1295)
	at com.plannet.plannet.PlannetApplication.main(PlannetApplication.java:12)
	at java.base/jdk.internal.reflect.NativeMethodAccessorImpl.invoke0(Native Method)
	at java.base/jdk.internal.reflect.NativeMethodAccessorImpl.invoke(NativeMethodAccessorImpl.java:62)
	at java.base/jdk.internal.reflect.DelegatingMethodAccessorImpl.invoke(DelegatingMethodAccessorImpl.java:43)
	at java.base/java.lang.reflect.Method.invoke(Method.java:566)
	at org.springframework.boot.devtools.restart.RestartLauncher.run(RestartLauncher.java:49)
Caused by: org.hibernate.AnnotationException: @Column(s) not allowed on a @ManyToOne property: com.plannet.plannet.entity.Friend.id.friendId
	at org.hibernate.cfg.AnnotationBinder.processElementAnnotations(AnnotationBinder.java:1794)
	at org.hibernate.cfg.AnnotationBinder.fillComponent(AnnotationBinder.java:2816)
	at org.hibernate.cfg.AnnotationBinder.bindIdClass(AnnotationBinder.java:2919)
	at org.hibernate.cfg.AnnotationBinder.mapAsIdClass(AnnotationBinder.java:1052)
	at org.hibernate.cfg.AnnotationBinder.bindClass(AnnotationBinder.java:778)
	at org.hibernate.boot.model.source.internal.annotations.AnnotationMetadataSourceProcessorImpl.processEntityHierarchies(AnnotationMetadataSourceProcessorImpl.java:225)
	at org.hibernate.boot.model.process.spi.MetadataBuildingProcess$1.processEntityHierarchies(MetadataBuildingProcess.java:239)
	at org.hibernate.boot.model.process.spi.MetadataBuildingProcess.complete(MetadataBuildingProcess.java:282)
	at org.hibernate.jpa.boot.internal.EntityManagerFactoryBuilderImpl.metadata(EntityManagerFactoryBuilderImpl.java:1460)
	at org.hibernate.jpa.boot.internal.EntityManagerFactoryBuilderImpl.build(EntityManagerFactoryBuilderImpl.java:1494)
	at org.springframework.orm.jpa.vendor.SpringHibernateJpaPersistenceProvider.createContainerEntityManagerFactory(SpringHibernateJpaPersistenceProvider.java:58)
	at org.springframework.orm.jpa.LocalContainerEntityManagerFactoryBean.createNativeEntityManagerFactory(LocalContainerEntityManagerFactoryBean.java:365)
	at org.springframework.orm.jpa.AbstractEntityManagerFactoryBean.buildNativeEntityManagerFactory(AbstractEntityManagerFactoryBean.java:409)
	at org.springframework.orm.jpa.AbstractEntityManagerFactoryBean.afterPropertiesSet(AbstractEntityManagerFactoryBean.java:396)
	at org.springframework.orm.jpa.LocalContainerEntityManagerFactoryBean.afterPropertiesSet(LocalContainerEntityManagerFactoryBean.java:341)
	at org.springframework.beans.factory.support.AbstractAutowireCapableBeanFactory.invokeInitMethods(AbstractAutowireCapableBeanFactory.java:1863)
	at org.springframework.beans.factory.support.AbstractAutowireCapableBeanFactory.initializeBean(AbstractAutowireCapableBeanFactory.java:1800)
	... 21 common frames omitted
[2022-11-22 12:00:35.631] [INFO ] [restartedMain] com.plannet.plannet.PlannetApplication Starting PlannetApplication using Java 11.0.15 on DESKTOP-ISH0MNM with PID 6204 (D:\Spring\plannet\target\classes started by user1 in D:\Spring\plannet)
[2022-11-22 12:00:35.631] [INFO ] [restartedMain] com.plannet.plannet.PlannetApplication No active profile set, falling back to 1 default profile: "default"
[2022-11-22 12:00:35.684] [INFO ] [restartedMain] org.springframework.boot.devtools.restart.ChangeableUrls The Class-Path manifest attribute in C:\Users\user1\.m2\repository\com\oracle\database\jdbc\ojdbc8\21.5.0.0\ojdbc8-21.5.0.0.jar referenced one or more files that do not exist: file:/C:/Users/user1/.m2/repository/com/oracle/database/jdbc/ojdbc8/21.5.0.0/oraclepki.jar
[2022-11-22 12:00:35.684] [INFO ] [restartedMain] org.springframework.boot.devtools.env.DevToolsPropertyDefaultsPostProcessor Devtools property defaults active! Set 'spring.devtools.add-properties' to 'false' to disable
[2022-11-22 12:00:35.684] [INFO ] [restartedMain] org.springframework.boot.devtools.env.DevToolsPropertyDefaultsPostProcessor For additional web related logging consider setting the 'logging.level.web' property to 'DEBUG'
[2022-11-22 12:00:36.186] [INFO ] [restartedMain] org.springframework.data.repository.config.RepositoryConfigurationDelegate Bootstrapping Spring Data JPA repositories in DEFAULT mode.
[2022-11-22 12:00:36.233] [INFO ] [restartedMain] org.springframework.data.repository.config.RepositoryConfigurationDelegate Finished Spring Data repository scanning in 42 ms. Found 6 JPA repository interfaces.
[2022-11-22 12:00:36.818] [INFO ] [restartedMain] org.springframework.boot.web.embedded.tomcat.TomcatWebServer Tomcat initialized with port(s): 8111 (http)
[2022-11-22 12:00:36.818] [INFO ] [restartedMain] org.apache.coyote.http11.Http11NioProtocol Initializing ProtocolHandler ["http-nio-8111"]
[2022-11-22 12:00:36.818] [INFO ] [restartedMain] org.apache.catalina.core.StandardService Starting service [Tomcat]
[2022-11-22 12:00:36.818] [INFO ] [restartedMain] org.apache.catalina.core.StandardEngine Starting Servlet engine: [Apache Tomcat/9.0.68]
[2022-11-22 12:00:36.887] [INFO ] [restartedMain] org.apache.catalina.core.ContainerBase.[Tomcat].[localhost].[/] Initializing Spring embedded WebApplicationContext
[2022-11-22 12:00:36.887] [INFO ] [restartedMain] org.springframework.boot.web.servlet.context.ServletWebServerApplicationContext Root WebApplicationContext: initialization completed in 1203 ms
[2022-11-22 12:00:37.049] [INFO ] [restartedMain] org.hibernate.jpa.internal.util.LogHelper HHH000204: Processing PersistenceUnitInfo [name: default]
[2022-11-22 12:00:37.087] [INFO ] [restartedMain] org.hibernate.Version HHH000412: Hibernate ORM core version 5.6.12.Final
[2022-11-22 12:00:37.203] [INFO ] [restartedMain] org.hibernate.annotations.common.Version HCANN000001: Hibernate Commons Annotations {5.1.2.Final}
[2022-11-22 12:00:37.287] [INFO ] [restartedMain] com.zaxxer.hikari.HikariDataSource HikariPool-1 - Starting...
[2022-11-22 12:00:37.619] [INFO ] [restartedMain] com.zaxxer.hikari.HikariDataSource HikariPool-1 - Start completed.
[2022-11-22 12:00:37.635] [INFO ] [restartedMain] org.hibernate.dialect.Dialect HHH000400: Using dialect: org.hibernate.dialect.MySQL8Dialect
[2022-11-22 12:00:37.766] [ERROR] [restartedMain] org.springframework.orm.jpa.LocalContainerEntityManagerFactoryBean Failed to initialize JPA EntityManagerFactory: @OneToOne or @ManyToOne on com.plannet.plannet.entity.Comments.boardNo references an unknown entity: int
[2022-11-22 12:00:37.766] [WARN ] [restartedMain] org.springframework.boot.web.servlet.context.AnnotationConfigServletWebServerApplicationContext Exception encountered during context initialization - cancelling refresh attempt: org.springframework.beans.factory.BeanCreationException: Error creating bean with name 'entityManagerFactory' defined in class path resource [org/springframework/boot/autoconfigure/orm/jpa/HibernateJpaConfiguration.class]: Invocation of init method failed; nested exception is org.hibernate.AnnotationException: @OneToOne or @ManyToOne on com.plannet.plannet.entity.Comments.boardNo references an unknown entity: int
[2022-11-22 12:00:37.766] [INFO ] [restartedMain] com.zaxxer.hikari.HikariDataSource HikariPool-1 - Shutdown initiated...
[2022-11-22 12:00:37.766] [INFO ] [restartedMain] com.zaxxer.hikari.HikariDataSource HikariPool-1 - Shutdown completed.
[2022-11-22 12:00:37.782] [INFO ] [restartedMain] org.apache.catalina.core.StandardService Stopping service [Tomcat]
[2022-11-22 12:00:37.788] [INFO ] [restartedMain] org.springframework.boot.autoconfigure.logging.ConditionEvaluationReportLoggingListener 

Error starting ApplicationContext. To display the conditions report re-run your application with 'debug' enabled.
[2022-11-22 12:00:37.804] [ERROR] [restartedMain] org.springframework.boot.SpringApplication Application run failed
org.springframework.beans.factory.BeanCreationException: Error creating bean with name 'entityManagerFactory' defined in class path resource [org/springframework/boot/autoconfigure/orm/jpa/HibernateJpaConfiguration.class]: Invocation of init method failed; nested exception is org.hibernate.AnnotationException: @OneToOne or @ManyToOne on com.plannet.plannet.entity.Comments.boardNo references an unknown entity: int
	at org.springframework.beans.factory.support.AbstractAutowireCapableBeanFactory.initializeBean(AbstractAutowireCapableBeanFactory.java:1804)
	at org.springframework.beans.factory.support.AbstractAutowireCapableBeanFactory.doCreateBean(AbstractAutowireCapableBeanFactory.java:620)
	at org.springframework.beans.factory.support.AbstractAutowireCapableBeanFactory.createBean(AbstractAutowireCapableBeanFactory.java:542)
	at org.springframework.beans.factory.support.AbstractBeanFactory.lambda$doGetBean$0(AbstractBeanFactory.java:335)
	at org.springframework.beans.factory.support.DefaultSingletonBeanRegistry.getSingleton(DefaultSingletonBeanRegistry.java:234)
	at org.springframework.beans.factory.support.AbstractBeanFactory.doGetBean(AbstractBeanFactory.java:333)
	at org.springframework.beans.factory.support.AbstractBeanFactory.getBean(AbstractBeanFactory.java:208)
	at org.springframework.context.support.AbstractApplicationContext.getBean(AbstractApplicationContext.java:1154)
	at org.springframework.context.support.AbstractApplicationContext.finishBeanFactoryInitialization(AbstractApplicationContext.java:908)
	at org.springframework.context.support.AbstractApplicationContext.refresh(AbstractApplicationContext.java:583)
	at org.springframework.boot.web.servlet.context.ServletWebServerApplicationContext.refresh(ServletWebServerApplicationContext.java:147)
	at org.springframework.boot.SpringApplication.refresh(SpringApplication.java:734)
	at org.springframework.boot.SpringApplication.refreshContext(SpringApplication.java:408)
	at org.springframework.boot.SpringApplication.run(SpringApplication.java:308)
	at org.springframework.boot.SpringApplication.run(SpringApplication.java:1306)
	at org.springframework.boot.SpringApplication.run(SpringApplication.java:1295)
	at com.plannet.plannet.PlannetApplication.main(PlannetApplication.java:12)
	at java.base/jdk.internal.reflect.NativeMethodAccessorImpl.invoke0(Native Method)
	at java.base/jdk.internal.reflect.NativeMethodAccessorImpl.invoke(NativeMethodAccessorImpl.java:62)
	at java.base/jdk.internal.reflect.DelegatingMethodAccessorImpl.invoke(DelegatingMethodAccessorImpl.java:43)
	at java.base/java.lang.reflect.Method.invoke(Method.java:566)
	at org.springframework.boot.devtools.restart.RestartLauncher.run(RestartLauncher.java:49)
Caused by: org.hibernate.AnnotationException: @OneToOne or @ManyToOne on com.plannet.plannet.entity.Comments.boardNo references an unknown entity: int
	at org.hibernate.cfg.ToOneFkSecondPass.doSecondPass(ToOneFkSecondPass.java:100)
	at org.hibernate.boot.internal.InFlightMetadataCollectorImpl.processEndOfQueue(InFlightMetadataCollectorImpl.java:1750)
	at org.hibernate.boot.internal.InFlightMetadataCollectorImpl.processFkSecondPassesInOrder(InFlightMetadataCollectorImpl.java:1694)
	at org.hibernate.boot.internal.InFlightMetadataCollectorImpl.processSecondPasses(InFlightMetadataCollectorImpl.java:1623)
	at org.hibernate.boot.model.process.spi.MetadataBuildingProcess.complete(MetadataBuildingProcess.java:295)
	at org.hibernate.jpa.boot.internal.EntityManagerFactoryBuilderImpl.metadata(EntityManagerFactoryBuilderImpl.java:1460)
	at org.hibernate.jpa.boot.internal.EntityManagerFactoryBuilderImpl.build(EntityManagerFactoryBuilderImpl.java:1494)
	at org.springframework.orm.jpa.vendor.SpringHibernateJpaPersistenceProvider.createContainerEntityManagerFactory(SpringHibernateJpaPersistenceProvider.java:58)
	at org.springframework.orm.jpa.LocalContainerEntityManagerFactoryBean.createNativeEntityManagerFactory(LocalContainerEntityManagerFactoryBean.java:365)
	at org.springframework.orm.jpa.AbstractEntityManagerFactoryBean.buildNativeEntityManagerFactory(AbstractEntityManagerFactoryBean.java:409)
	at org.springframework.orm.jpa.AbstractEntityManagerFactoryBean.afterPropertiesSet(AbstractEntityManagerFactoryBean.java:396)
	at org.springframework.orm.jpa.LocalContainerEntityManagerFactoryBean.afterPropertiesSet(LocalContainerEntityManagerFactoryBean.java:341)
	at org.springframework.beans.factory.support.AbstractAutowireCapableBeanFactory.invokeInitMethods(AbstractAutowireCapableBeanFactory.java:1863)
	at org.springframework.beans.factory.support.AbstractAutowireCapableBeanFactory.initializeBean(AbstractAutowireCapableBeanFactory.java:1800)
	... 21 common frames omitted
